{"level":"info","message":"GET / 404 5ms"}
{"level":"info","message":"GET / 404 1ms"}
{"level":"info","message":"GET / 404 0ms"}
{"level":"info","message":"GET / 404 1ms"}
{"level":"info","message":"GET / 404 0ms"}
{"level":"info","message":"GET /api/test 404 0ms"}
{"level":"info","message":"GET / 404 0ms"}
{"level":"info","message":"GET /build/index 404 0ms"}
{"level":"info","message":"GET /build/index 404 0ms"}
{"level":"info","message":"GET / 404 0ms"}
{"level":"info","message":"GET /index 404 1ms"}
{"level":"info","message":"GET /api/test 404 3ms"}
{"level":"info","message":"GET / 404 4ms"}
{"level":"info","message":"GET /api/static/js/1.a93582b2.chunk.js 404 4ms"}
{"level":"info","message":"GET /api/static/js/main.c3067d7c.chunk.js 404 0ms"}
{"level":"info","message":"GET /api/favicon.ico 404 1ms"}
{"level":"info","message":"OPTIONS /api/imgs 404 3ms"}
{"level":"info","message":"GET /api/imgs 200 3ms"}
{"level":"info","message":"GET /api/imgs 200 0ms"}
{"level":"info","message":"GET /api/imgs 200 0ms"}
{"level":"info","message":"GET /api/imgs 200 0ms"}
{"level":"info","message":"GET /api/imgs 200 0ms"}
{"level":"info","message":"GET /api/imgs 200 0ms"}
{"level":"info","message":"GET /api/imgs 200 0ms"}
{"level":"info","message":"GET /api/imgs 200 0ms"}
{"level":"info","message":"GET /api/imgs 200 0ms"}
{"level":"info","message":"GET /api/imgs 200 0ms"}
{"level":"info","message":"GET /api/imgs 200 0ms"}
{"level":"info","message":"GET /api/imgs 200 0ms"}
{"level":"info","message":"GET /api/imgs 200 0ms"}
{"level":"info","message":"GET /api/imgs 200 0ms"}
{"level":"info","message":"GET /api/imgs 200 0ms"}
{"level":"info","message":"GET /api/imgs 200 0ms"}
{"level":"info","message":"GET /api/imgs 200 0ms"}
{"level":"info","message":"GET /api/imgs 200 0ms"}
{"level":"info","message":"GET /api/imgs 200 0ms"}
{"level":"info","message":"GET /api/imgs 200 0ms"}
{"level":"info","message":"GET /api/imgs 200 0ms"}
{"level":"info","message":"GET /api/imgs 200 1ms"}
{"level":"info","message":"GET /api/imgs 200 1ms"}
{"level":"info","message":"GET /api/imgs 200 0ms"}
{"level":"info","message":"GET /api/imgs 200 0ms"}
{"level":"info","message":"GET /api/imgs 200 0ms"}
{"level":"info","message":"GET /api/imgs 200 0ms"}
{"level":"info","message":"GET /api/imgs 200 0ms"}
{"level":"info","message":"GET /api/imgs 200 0ms"}
{"level":"info","message":"GET /api/imgs 200 0ms"}
{"level":"info","message":"GET /api/imgs 200 0ms"}
{"level":"info","message":"GET /api/imgs 200 0ms"}
{"level":"info","message":"GET /api/imgs 200 0ms"}
{"level":"info","message":"GET /api/imgs 200 0ms"}
{"level":"info","message":"GET /api/imgs 200 0ms"}
{"level":"info","message":"GET /api/imgs 200 0ms"}
{"level":"info","message":"GET /api/imgs 200 1ms"}
{"level":"info","message":"GET /api/imgs 200 0ms"}
{"level":"info","message":"GET /api/imgs 200 0ms"}
{"level":"info","message":"GET /api/imgs 200 0ms"}
{"level":"info","message":"GET /api/imgs 200 1ms"}
{"level":"info","message":"GET /api/imgs 200 0ms"}
{"level":"info","message":"GET /api/imgs 200 0ms"}
{"level":"info","message":"GET /api/imgs 200 0ms"}
{"level":"info","message":"GET /api/imgs 200 0ms"}
{"level":"info","message":"GET /api/imgs 200 0ms"}
{"level":"info","message":"GET /api/imgs 200 0ms"}
{"level":"info","message":"GET /api/imgs 200 0ms"}
{"level":"info","message":"GET /api/imgs 200 0ms"}
{"level":"info","message":"GET /api/imgs 200 0ms"}
{"level":"info","message":"GET /api/imgs 200 1ms"}
{"level":"info","message":"GET /api/imgs 200 0ms"}
{"level":"info","message":"GET /api/imgs 200 0ms"}
{"level":"info","message":"GET /api/imgs 200 0ms"}
{"level":"info","message":"GET /api/imgs 200 0ms"}
{"level":"info","message":"GET /api/imgs 200 0ms"}
{"level":"info","message":"GET /api/imgs 200 0ms"}
{"level":"info","message":"GET /api/imgs 200 1ms"}
{"level":"info","message":"GET /api/imgs 200 0ms"}
{"level":"info","message":"GET /api/imgs 200 2ms"}
{"level":"info","message":"GET /api/imgs 200 4ms"}
{"level":"info","message":"GET /api/imgs 200 0ms"}
{"level":"info","message":"GET /api/imgs 200 0ms"}
{"level":"info","message":"GET /api/imgs 200 0ms"}
{"level":"info","message":"GET /api/imgs 200 0ms"}
{"level":"info","message":"GET /api/imgs 200 1ms"}
{"level":"info","message":"GET /api/imgs 200 1ms"}
{"level":"info","message":"GET /api/imgs 200 0ms"}
{"level":"info","message":"GET /api/imgs 200 0ms"}
{"level":"info","message":"GET /api/imgs 200 1ms"}
{"level":"info","message":"GET /api/imgs 200 0ms"}
{"level":"info","message":"GET /api/imgs 200 0ms"}
{"level":"info","message":"GET /api/imgs 200 0ms"}
{"level":"info","message":"GET /api/imgs 200 1ms"}
{"level":"info","message":"GET /api/imgs 200 1ms"}
{"level":"info","message":"GET /api/imgs 200 1ms"}
{"level":"info","message":"GET /api/imgs 200 0ms"}
{"level":"info","message":"GET /api/imgs 200 1ms"}
{"level":"info","message":"GET /api/imgs 200 0ms"}
{"level":"info","message":"GET /api/imgs 200 0ms"}
{"level":"info","message":"GET /api/imgs 200 0ms"}
{"level":"info","message":"GET /api/imgs 200 0ms"}
{"level":"info","message":"GET /api/imgs 200 0ms"}
{"level":"info","message":"GET /api/imgs 200 0ms"}
{"level":"info","message":"GET /api/imgs 200 0ms"}
{"level":"info","message":"GET /api/imgs 200 1ms"}
{"level":"info","message":"GET /api/imgs 200 0ms"}
{"level":"info","message":"GET /api/imgs 200 0ms"}
{"level":"info","message":"GET /api/imgs 200 0ms"}
{"level":"info","message":"GET /api/imgs 200 0ms"}
{"level":"info","message":"GET /api/imgs 200 0ms"}
{"level":"info","message":"GET /api/imgs 200 0ms"}
{"level":"info","message":"GET /api/imgs 200 0ms"}
{"level":"info","message":"GET /api/imgs 200 0ms"}
{"level":"info","message":"GET /api/imgs 200 0ms"}
{"level":"info","message":"GET /api/imgs 200 0ms"}
{"level":"info","message":"GET /api/imgs 200 0ms"}
{"level":"info","message":"GET /api/imgs 200 1ms"}
{"level":"info","message":"GET /api/imgs 200 0ms"}
{"level":"info","message":"GET /api/imgs 200 0ms"}
{"level":"info","message":"GET /api/imgs 200 1ms"}
{"level":"info","message":"GET /api/imgs 200 1ms"}
{"level":"info","message":"GET /api/imgs 200 1ms"}
{"level":"info","message":"GET /api/imgs 200 0ms"}
{"level":"info","message":"GET /api/imgs 200 0ms"}
{"level":"info","message":"GET /api/imgs 200 0ms"}
{"level":"info","message":"GET /api/imgs 200 0ms"}
{"level":"info","message":"GET /api/imgs 200 0ms"}
{"level":"info","message":"GET /api/imgs 200 0ms"}
{"level":"info","message":"GET /api/imgs 200 0ms"}
{"level":"info","message":"GET /api/imgs 200 0ms"}
{"level":"info","message":"GET /api/imgs 200 0ms"}
{"level":"info","message":"GET /api/imgs 200 0ms"}
{"level":"info","message":"GET /api/imgs 200 0ms"}
{"level":"info","message":"GET /api/imgs 200 0ms"}
{"level":"info","message":"GET /api/imgs 200 0ms"}
{"level":"info","message":"GET /api/imgs 200 0ms"}
{"level":"info","message":"GET /api/imgs 200 0ms"}
{"level":"info","message":"GET /api/imgs 200 0ms"}
{"level":"info","message":"GET /api/imgs 200 0ms"}
{"level":"info","message":"GET /api/imgs 200 0ms"}
{"level":"info","message":"GET /api/imgs 200 1ms"}
{"level":"info","message":"GET /api/imgs 200 0ms"}
{"level":"info","message":"GET /api/imgs 200 1ms"}
{"level":"info","message":"GET /api/imgs 200 0ms"}
{"level":"info","message":"GET /api/imgs 200 0ms"}
{"level":"info","message":"GET /api/imgs 200 0ms"}
{"level":"info","message":"GET /api/imgs 200 0ms"}
{"level":"info","message":"GET /api/imgs 200 0ms"}
{"level":"info","message":"GET /api/imgs 200 0ms"}
{"level":"info","message":"GET /api/imgs 200 0ms"}
{"level":"info","message":"GET /api/imgs 200 0ms"}
{"level":"info","message":"GET /api/imgs 200 0ms"}
{"level":"info","message":"GET /api/imgs 200 0ms"}
{"level":"info","message":"GET /api/imgs 200 0ms"}
{"level":"info","message":"GET /api/imgs 200 0ms"}
{"level":"info","message":"GET /api/imgs 200 0ms"}
{"level":"info","message":"GET /api/imgs 200 0ms"}
{"level":"info","message":"GET /api/imgs 200 0ms"}
{"level":"info","message":"GET /api/imgs 200 0ms"}
{"level":"info","message":"GET /api/imgs 200 0ms"}
{"level":"info","message":"GET /api/imgs 200 1ms"}
{"level":"info","message":"GET /api/imgs 200 1ms"}
{"level":"info","message":"GET /api/imgs 200 0ms"}
{"level":"info","message":"GET /api/imgs 200 0ms"}
{"level":"info","message":"GET /api/imgs 200 0ms"}
{"level":"info","message":"GET /api/imgs 200 0ms"}
{"level":"info","message":"GET /api/imgs 200 0ms"}
{"level":"info","message":"GET /api/imgs 200 0ms"}
{"level":"info","message":"GET /api/imgs 200 1ms"}
{"level":"info","message":"GET /api/imgs 200 0ms"}
{"level":"info","message":"GET /api/imgs 200 0ms"}
{"level":"info","message":"GET /api/imgs 200 0ms"}
{"level":"info","message":"GET /api/imgs 200 1ms"}
{"level":"info","message":"GET /api/imgs 200 0ms"}
{"level":"info","message":"GET /api/imgs 200 0ms"}
{"level":"info","message":"GET /api/imgs 200 0ms"}
{"level":"info","message":"GET /api/imgs 200 0ms"}
{"level":"info","message":"GET /api/imgs 200 0ms"}
{"level":"info","message":"GET /api/imgs 200 0ms"}
{"level":"info","message":"GET /api/imgs 200 0ms"}
{"level":"info","message":"GET /api/imgs 200 0ms"}
{"level":"info","message":"GET /api/imgs 200 0ms"}
{"level":"info","message":"GET /api/imgs 200 0ms"}
{"level":"info","message":"GET /api/imgs 200 0ms"}
{"level":"info","message":"GET /api/imgs 200 0ms"}
{"level":"info","message":"GET /api/imgs 200 0ms"}
{"level":"info","message":"GET /api/imgs 200 0ms"}
{"level":"info","message":"GET /api/imgs 200 0ms"}
{"level":"info","message":"GET /api/imgs 200 1ms"}
{"level":"info","message":"GET /api/imgs 200 0ms"}
{"level":"info","message":"GET /api/imgs 200 0ms"}
{"level":"info","message":"GET /api/imgs 200 1ms"}
{"level":"info","message":"GET /api/imgs 200 0ms"}
{"level":"info","message":"GET /api/imgs 200 0ms"}
{"level":"info","message":"GET /api/imgs 200 0ms"}
{"level":"info","message":"GET /api/imgs 200 0ms"}
{"level":"info","message":"GET /api/imgs 200 1ms"}
{"level":"info","message":"GET /api/imgs 200 0ms"}
{"level":"info","message":"GET /api/imgs 200 0ms"}
{"level":"info","message":"GET /api/imgs 200 0ms"}
{"level":"info","message":"GET /api/imgs 200 0ms"}
{"level":"info","message":"GET /api/imgs 200 0ms"}
{"level":"info","message":"GET /api/imgs 200 0ms"}
{"level":"info","message":"GET /api/imgs 200 0ms"}
{"level":"info","message":"GET /api/imgs 200 1ms"}
{"level":"info","message":"GET /api/imgs 200 0ms"}
{"level":"info","message":"GET /api/imgs 200 0ms"}
{"level":"info","message":"GET /api/imgs 200 0ms"}
{"level":"info","message":"GET /api/imgs 200 1ms"}
{"level":"info","message":"GET /api/imgs 200 1ms"}
{"level":"info","message":"GET /api/imgs 200 0ms"}
{"level":"info","message":"GET /api/imgs 200 1ms"}
{"level":"info","message":"GET /api/imgs 200 0ms"}
{"level":"info","message":"GET /api/imgs 200 0ms"}
{"level":"info","message":"GET /api/imgs 200 0ms"}
{"level":"info","message":"GET /api/imgs 200 0ms"}
{"level":"info","message":"GET /api/imgs 200 0ms"}
{"level":"info","message":"GET /api/imgs 200 0ms"}
{"level":"info","message":"GET /api/imgs 200 1ms"}
{"level":"info","message":"GET /api/imgs 200 0ms"}
{"level":"info","message":"GET /api/imgs 200 0ms"}
{"level":"info","message":"GET /api/imgs 200 0ms"}
{"level":"info","message":"GET /api/imgs 200 1ms"}
{"level":"info","message":"GET /api/imgs 200 0ms"}
{"level":"info","message":"GET /api/imgs 200 0ms"}
{"level":"info","message":"GET /api/imgs 200 0ms"}
{"level":"info","message":"GET /api/imgs 200 0ms"}
{"level":"info","message":"GET /api/imgs 200 1ms"}
{"level":"info","message":"GET /api/imgs 200 0ms"}
{"level":"info","message":"GET /api/imgs 200 0ms"}
{"level":"info","message":"GET /api/imgs 200 1ms"}
{"level":"info","message":"GET /api/imgs 200 1ms"}
{"level":"info","message":"GET /api/imgs 200 0ms"}
{"level":"info","message":"GET /api/imgs 200 0ms"}
{"level":"info","message":"GET /api/imgs 200 0ms"}
{"level":"info","message":"GET /api/imgs 200 0ms"}
{"level":"info","message":"GET /api/imgs 200 0ms"}
{"level":"info","message":"GET /api/imgs 200 0ms"}
{"level":"info","message":"GET /api/imgs 200 0ms"}
{"level":"info","message":"GET /api/imgs 200 0ms"}
{"level":"info","message":"GET /api/imgs 200 0ms"}
{"level":"info","message":"GET /api/imgs 200 1ms"}
{"level":"info","message":"GET /api/imgs 200 1ms"}
{"level":"info","message":"GET /api/imgs 200 0ms"}
{"level":"info","message":"GET /api/imgs 200 0ms"}
{"level":"info","message":"GET /api/imgs 200 0ms"}
{"level":"info","message":"GET /api/imgs 200 0ms"}
{"level":"info","message":"GET /api/imgs 200 0ms"}
{"level":"info","message":"GET /api/imgs 200 0ms"}
{"level":"info","message":"GET /api/imgs 200 0ms"}
{"level":"info","message":"GET /api/imgs 200 0ms"}
{"level":"info","message":"GET /api/imgs 200 0ms"}
{"level":"info","message":"GET /api/imgs 200 0ms"}
{"level":"info","message":"GET /api/imgs 200 1ms"}
{"level":"info","message":"GET /api/imgs 200 0ms"}
{"level":"info","message":"GET /api/imgs 200 1ms"}
{"level":"info","message":"GET /api/imgs 200 0ms"}
{"level":"info","message":"GET /api/imgs 200 0ms"}
{"level":"info","message":"GET /api/imgs 200 0ms"}
{"level":"info","message":"GET /api/imgs 200 1ms"}
{"level":"info","message":"GET /api/imgs 200 0ms"}
{"level":"info","message":"GET /api/imgs 200 1ms"}
{"level":"info","message":"GET /api/imgs 200 0ms"}
{"level":"info","message":"GET /api/imgs 200 1ms"}
{"level":"info","message":"GET /api/imgs 200 0ms"}
{"level":"info","message":"GET /api/imgs 200 0ms"}
{"level":"info","message":"GET /api/imgs 200 0ms"}
{"level":"info","message":"GET /api/imgs 200 3ms"}
{"level":"info","message":"GET /api/imgs 200 3ms"}
{"level":"info","message":"GET /api/imgs 200 2ms"}
{"level":"info","message":"GET /api/imgs 200 0ms"}
{"level":"info","message":"GET /api/imgs 200 0ms"}
{"level":"info","message":"GET /api/imgs 200 0ms"}
{"level":"info","message":"GET /api/imgs 200 0ms"}
{"level":"info","message":"GET /api/imgs 200 0ms"}
{"level":"info","message":"GET /api/imgs 200 0ms"}
{"level":"info","message":"GET /api/imgs 200 0ms"}
{"level":"info","message":"GET /api/imgs 200 0ms"}
{"level":"info","message":"GET /api/imgs 200 0ms"}
{"level":"info","message":"GET /api/imgs 200 2ms"}
{"level":"info","message":"GET /api/imgs 200 0ms"}
{"level":"info","message":"GET /api/imgs 200 0ms"}
{"level":"info","message":"GET /api/imgs 200 0ms"}
{"level":"info","message":"GET /api/imgs 200 0ms"}
{"level":"info","message":"GET /api/imgs 200 0ms"}
{"level":"info","message":"GET /api/imgs 200 0ms"}
{"level":"info","message":"GET /api/imgs 200 0ms"}
{"level":"info","message":"GET /api/imgs 200 0ms"}
{"level":"info","message":"GET /api/imgs 200 0ms"}
{"level":"info","message":"GET /api/imgs 200 0ms"}
{"level":"info","message":"GET /api/imgs 200 0ms"}
{"level":"info","message":"GET /api/imgs 200 0ms"}
{"level":"info","message":"GET /api/imgs 200 0ms"}
{"level":"info","message":"GET /api/imgs 200 0ms"}
{"level":"info","message":"GET /api/imgs 200 0ms"}
{"level":"info","message":"GET /api/imgs 200 0ms"}
{"level":"info","message":"GET /api/imgs 200 0ms"}
{"level":"info","message":"GET /api/imgs 200 0ms"}
{"level":"info","message":"GET /api/imgs 200 1ms"}
{"level":"info","message":"GET /api/imgs 200 0ms"}
{"level":"info","message":"GET /api/imgs 200 1ms"}
{"level":"info","message":"GET /api/imgs 200 0ms"}
{"level":"info","message":"GET /api/imgs 200 0ms"}
{"level":"info","message":"GET /api/imgs 200 2ms"}
{"level":"info","message":"GET /api/imgs 200 2ms"}
{"level":"info","message":"GET /api/imgs 200 0ms"}
{"level":"info","message":"GET /api/imgs 200 2ms"}
{"level":"info","message":"GET /api/imgs 200 0ms"}
{"level":"info","message":"GET /api/imgs 200 0ms"}
{"level":"info","message":"GET /api/imgs 200 0ms"}
{"level":"info","message":"GET /api/imgs 200 0ms"}
{"level":"info","message":"GET /api/imgs 200 0ms"}
{"level":"info","message":"GET /api/imgs 200 0ms"}
{"level":"info","message":"GET /api/imgs 200 0ms"}
{"level":"info","message":"GET /api/imgs 200 0ms"}
{"level":"info","message":"GET /api/imgs 200 0ms"}
{"level":"info","message":"GET /api/imgs 200 0ms"}
{"level":"info","message":"GET /api/imgs 200 0ms"}
{"level":"info","message":"GET /api/imgs 200 0ms"}
{"level":"info","message":"GET /api/imgs 200 1ms"}
{"level":"info","message":"GET /api/imgs 200 0ms"}
{"level":"info","message":"GET /api/imgs 200 0ms"}
{"level":"info","message":"GET /api/imgs 200 0ms"}
{"level":"info","message":"GET /api/imgs 200 1ms"}
{"level":"info","message":"GET /api/imgs 200 0ms"}
{"level":"info","message":"GET /api/imgs 200 0ms"}
{"level":"info","message":"GET /api/imgs 200 0ms"}
{"level":"info","message":"GET /api/imgs 200 0ms"}
{"level":"info","message":"GET /api/imgs 200 0ms"}
{"level":"info","message":"GET /api/imgs 200 2ms"}
{"level":"info","message":"GET /api/imgs 200 0ms"}
{"level":"info","message":"GET /api/imgs 200 0ms"}
{"level":"info","message":"GET /api/imgs 200 0ms"}
{"level":"info","message":"GET /api/imgs 200 1ms"}
{"level":"info","message":"GET /api/imgs 200 0ms"}
{"level":"info","message":"GET /api/imgs 200 1ms"}
{"level":"info","message":"GET /api/imgs 200 1ms"}
{"level":"info","message":"GET /api/imgs 200 1ms"}
{"level":"info","message":"GET /api/imgs 200 0ms"}
{"level":"info","message":"GET /api/imgs 200 1ms"}
{"level":"info","message":"GET /api/imgs 200 0ms"}
{"level":"info","message":"GET /api/imgs 200 0ms"}
{"level":"info","message":"GET /api/imgs 200 0ms"}
{"level":"info","message":"GET /api/imgs 200 0ms"}
{"level":"info","message":"GET /api/imgs 200 0ms"}
{"level":"info","message":"GET /api/imgs 200 1ms"}
{"level":"info","message":"GET /api/imgs 200 1ms"}
{"level":"info","message":"GET /api/imgs 200 0ms"}
{"level":"info","message":"GET /api/imgs 200 0ms"}
{"level":"info","message":"GET /api/imgs 200 0ms"}
{"level":"info","message":"GET /api/imgs 200 0ms"}
{"level":"info","message":"GET /api/imgs 200 0ms"}
{"level":"info","message":"GET /api/imgs 200 0ms"}
{"level":"info","message":"GET /api/imgs 200 1ms"}
{"level":"info","message":"GET /api/imgs 200 0ms"}
{"level":"info","message":"GET /api/imgs 200 0ms"}
{"level":"info","message":"GET /api/imgs 200 0ms"}
{"level":"info","message":"GET /api/imgs 200 0ms"}
{"level":"info","message":"GET /api/imgs 200 0ms"}
{"level":"info","message":"GET /api/imgs 200 0ms"}
{"level":"info","message":"GET /api/imgs 200 0ms"}
{"level":"info","message":"GET /api/imgs 200 0ms"}
{"level":"info","message":"GET /api/imgs 200 0ms"}
{"level":"info","message":"GET /api/imgs 200 0ms"}
{"level":"info","message":"GET /api/imgs 200 0ms"}
{"level":"info","message":"GET /api/imgs 200 1ms"}
{"level":"info","message":"GET /api/imgs 200 0ms"}
{"level":"info","message":"GET /api/imgs 200 0ms"}
{"level":"info","message":"GET /api/imgs 200 0ms"}
{"level":"info","message":"GET /api/imgs 200 0ms"}
{"level":"info","message":"GET /api/imgs 200 1ms"}
{"level":"info","message":"GET /api/imgs 200 0ms"}
{"level":"info","message":"GET /api/imgs 200 0ms"}
{"level":"info","message":"GET /api/imgs 200 0ms"}
{"level":"info","message":"GET /api/imgs 200 0ms"}
{"level":"info","message":"GET /api/imgs 200 0ms"}
{"level":"info","message":"GET /api/imgs 200 1ms"}
{"level":"info","message":"GET /api/imgs 200 0ms"}
{"level":"info","message":"GET /api/imgs 200 1ms"}
{"level":"info","message":"GET /api/imgs 200 0ms"}
{"level":"info","message":"GET /api/imgs 200 0ms"}
{"level":"info","message":"GET /api/imgs 200 0ms"}
{"level":"info","message":"GET /api/imgs 200 0ms"}
{"level":"info","message":"GET /api/imgs 200 0ms"}
{"level":"info","message":"GET /api/imgs 200 0ms"}
{"level":"info","message":"GET /api/imgs 200 0ms"}
{"level":"info","message":"GET /api/imgs 200 0ms"}
{"level":"info","message":"GET /api/imgs 200 0ms"}
{"level":"info","message":"GET /api/imgs 200 1ms"}
{"level":"info","message":"GET /api/imgs 200 0ms"}
{"level":"info","message":"GET /api/imgs 200 0ms"}
{"level":"info","message":"GET /api/imgs 200 0ms"}
{"level":"info","message":"GET /api/imgs 200 0ms"}
{"level":"info","message":"GET /api/imgs 200 0ms"}
{"level":"info","message":"GET /api/imgs 200 0ms"}
{"level":"info","message":"GET /api/imgs 200 1ms"}
{"level":"info","message":"GET /api/imgs 200 0ms"}
{"level":"info","message":"GET /api/imgs 200 1ms"}
{"level":"info","message":"GET /api/imgs 200 0ms"}
{"level":"info","message":"GET /api/imgs 200 0ms"}
{"level":"info","message":"GET /api/imgs 200 0ms"}
{"level":"info","message":"GET /api/imgs 200 1ms"}
{"level":"info","message":"GET /api/imgs 200 0ms"}
{"level":"info","message":"GET /api/imgs 200 0ms"}
{"level":"info","message":"GET /api/imgs 200 0ms"}
{"level":"info","message":"GET /api/imgs 200 0ms"}
{"level":"info","message":"GET /api/imgs 200 3ms"}
{"level":"info","message":"GET /api/imgs 200 1ms"}
{"level":"info","message":"GET /api/imgs 200 0ms"}
{"level":"info","message":"GET /api/imgs 200 0ms"}
{"level":"info","message":"GET /api/imgs 200 0ms"}
{"level":"info","message":"GET /api/imgs 200 0ms"}
{"level":"info","message":"GET /api/imgs 200 0ms"}
{"level":"info","message":"GET /api/imgs 200 0ms"}
{"level":"info","message":"GET /api/imgs 200 1ms"}
{"level":"info","message":"GET /api/imgs 200 0ms"}
{"level":"info","message":"GET /api/imgs 200 0ms"}
{"level":"info","message":"GET /api/imgs 200 0ms"}
{"level":"info","message":"GET /api/imgs 200 0ms"}
{"level":"info","message":"GET /api/imgs 200 0ms"}
{"level":"info","message":"GET /api/imgs 200 0ms"}
{"level":"info","message":"GET /api/imgs 200 0ms"}
{"level":"info","message":"GET /api/imgs 200 0ms"}
{"level":"info","message":"GET /api/imgs 200 0ms"}
{"level":"info","message":"GET /api/imgs 200 0ms"}
{"level":"info","message":"GET /api/imgs 200 0ms"}
{"level":"info","message":"GET /api/imgs 200 0ms"}
{"level":"info","message":"GET /api/imgs 200 0ms"}
{"level":"info","message":"GET /api/imgs 200 0ms"}
{"level":"info","message":"GET /api/imgs 200 0ms"}
{"level":"info","message":"GET /api/imgs 200 0ms"}
{"level":"info","message":"GET /api/imgs 200 0ms"}
{"level":"info","message":"GET /api/imgs 200 0ms"}
{"level":"info","message":"GET /api/imgs 200 0ms"}
{"level":"info","message":"GET /api/imgs 200 0ms"}
{"level":"info","message":"GET /api/imgs 200 0ms"}
{"level":"info","message":"GET /api/imgs 200 0ms"}
{"level":"info","message":"GET /api/imgs 200 1ms"}
{"level":"info","message":"GET /api/imgs 200 0ms"}
{"level":"info","message":"GET /api/imgs 200 1ms"}
{"level":"info","message":"GET /api/imgs 200 0ms"}
{"level":"info","message":"GET /api/imgs 200 0ms"}
{"level":"info","message":"GET /api/imgs 200 0ms"}
{"level":"info","message":"GET /api/imgs 200 0ms"}
{"level":"info","message":"GET /api/imgs 200 0ms"}
{"level":"info","message":"GET /api/imgs 200 0ms"}
{"level":"info","message":"GET /api/imgs 200 0ms"}
{"level":"info","message":"GET /api/imgs 200 0ms"}
{"level":"info","message":"GET /api/imgs 200 0ms"}
{"level":"info","message":"GET /api/imgs 200 0ms"}
{"level":"info","message":"GET /api/imgs 200 0ms"}
{"level":"info","message":"GET /api/imgs 200 0ms"}
{"level":"info","message":"GET /api/imgs 200 0ms"}
{"level":"info","message":"GET /api/imgs 200 0ms"}
{"level":"info","message":"GET /api/imgs 200 1ms"}
{"level":"info","message":"GET /api/imgs 200 0ms"}
{"level":"info","message":"GET /api/imgs 200 0ms"}
{"level":"info","message":"GET /api/imgs 200 0ms"}
{"level":"info","message":"GET /api/imgs 200 0ms"}
{"level":"info","message":"GET /api/imgs 200 0ms"}
{"level":"info","message":"GET /api/imgs 200 0ms"}
{"level":"info","message":"GET /api/imgs 200 0ms"}
{"level":"info","message":"GET /api/imgs 200 0ms"}
{"level":"info","message":"GET /api/imgs 200 1ms"}
{"level":"info","message":"GET /api/imgs 200 0ms"}
{"level":"info","message":"GET /api/imgs 200 0ms"}
{"level":"info","message":"GET /api/imgs 200 0ms"}
{"level":"info","message":"GET /api/imgs 200 0ms"}
{"level":"info","message":"GET /api/imgs 200 0ms"}
{"level":"info","message":"GET /api/imgs 200 0ms"}
{"level":"info","message":"GET /api/imgs 200 0ms"}
{"level":"info","message":"GET /api/imgs 200 0ms"}
{"level":"info","message":"GET /api/imgs 200 0ms"}
{"level":"info","message":"GET /api/imgs 200 1ms"}
{"level":"info","message":"GET /api/imgs 200 0ms"}
{"level":"info","message":"GET /api/imgs 200 0ms"}
{"level":"info","message":"GET /api/imgs 200 0ms"}
{"level":"info","message":"GET /api/imgs 200 0ms"}
{"level":"info","message":"GET /api/imgs 200 0ms"}
{"level":"info","message":"GET /api/imgs 200 0ms"}
{"level":"info","message":"GET /api/imgs 200 0ms"}
{"level":"info","message":"GET /api/imgs 200 0ms"}
{"level":"info","message":"GET /api/imgs 200 0ms"}
{"level":"info","message":"GET /api/imgs 200 0ms"}
{"level":"info","message":"GET /api/imgs 200 0ms"}
{"level":"info","message":"GET /api/imgs 200 0ms"}
{"level":"info","message":"GET /api/imgs 200 0ms"}
{"level":"info","message":"GET /api/imgs 200 0ms"}
{"level":"info","message":"GET /api/imgs 200 0ms"}
{"level":"info","message":"GET /api/imgs 200 1ms"}
{"level":"info","message":"GET /api/imgs 200 0ms"}
{"level":"info","message":"GET /api/imgs 200 0ms"}
{"level":"info","message":"GET /api/imgs 200 0ms"}
{"level":"info","message":"GET /api/imgs 200 0ms"}
{"level":"info","message":"GET /api/imgs 200 0ms"}
{"level":"info","message":"GET /api/imgs 200 0ms"}
{"level":"info","message":"GET /api/imgs 200 0ms"}
{"level":"info","message":"GET /api/imgs 200 1ms"}
{"level":"info","message":"GET /api/imgs 200 0ms"}
{"level":"info","message":"GET /api/imgs 200 0ms"}
{"level":"info","message":"GET /api/imgs 200 0ms"}
{"level":"info","message":"GET /api/imgs 200 0ms"}
{"level":"info","message":"GET /api/imgs 200 0ms"}
{"level":"info","message":"GET /api/imgs 200 0ms"}
{"level":"info","message":"GET /api/imgs 200 0ms"}
{"level":"info","message":"GET /api/imgs 200 0ms"}
{"level":"info","message":"GET /api/imgs 200 1ms"}
{"level":"info","message":"GET /api/imgs 200 0ms"}
{"level":"info","message":"GET /api/imgs 200 0ms"}
{"level":"info","message":"GET /api/imgs 200 0ms"}
{"level":"info","message":"GET /api/imgs 200 1ms"}
{"level":"info","message":"GET /api/imgs 200 0ms"}
{"level":"info","message":"GET /api/imgs 200 0ms"}
{"level":"info","message":"GET /api/imgs 200 0ms"}
{"level":"info","message":"GET /api/imgs 200 0ms"}
{"level":"info","message":"GET /api/imgs 200 0ms"}
{"level":"info","message":"GET /api/imgs 200 1ms"}
{"level":"info","message":"GET /api/imgs 200 0ms"}
{"level":"info","message":"GET /api/imgs 200 0ms"}
{"level":"info","message":"GET /api/imgs 200 1ms"}
{"level":"info","message":"GET /api/imgs 200 0ms"}
{"level":"info","message":"GET /api/imgs 200 2ms"}
{"level":"info","message":"GET /api/imgs 200 0ms"}
{"level":"info","message":"GET /api/imgs 200 0ms"}
{"level":"info","message":"GET /api/imgs 200 0ms"}
{"level":"info","message":"GET /api/imgs 200 0ms"}
{"level":"info","message":"GET /api/imgs 200 0ms"}
{"level":"info","message":"GET /api/imgs 200 0ms"}
{"level":"info","message":"GET /api/imgs 200 0ms"}
{"level":"info","message":"GET /api/imgs 200 0ms"}
{"level":"info","message":"GET /api/imgs 200 0ms"}
{"level":"info","message":"GET /api/imgs 200 0ms"}
{"level":"info","message":"GET /api/imgs 200 0ms"}
{"level":"info","message":"GET /api/imgs 200 0ms"}
{"level":"info","message":"GET /api/imgs 200 1ms"}
{"level":"info","message":"GET /api/imgs 200 0ms"}
{"level":"info","message":"GET /api/imgs 200 0ms"}
{"level":"info","message":"GET /api/imgs 200 0ms"}
{"level":"info","message":"GET /api/imgs 200 0ms"}
{"level":"info","message":"GET /api/imgs 200 0ms"}
{"level":"info","message":"GET /api/imgs 200 1ms"}
{"level":"info","message":"GET /api/imgs 200 0ms"}
{"level":"info","message":"GET /api/imgs 200 0ms"}
{"level":"info","message":"GET /api/imgs 200 0ms"}
{"level":"info","message":"GET /api/imgs 200 0ms"}
{"level":"info","message":"GET /api/imgs 200 0ms"}
{"level":"info","message":"GET /api/imgs 200 0ms"}
{"level":"info","message":"GET /api/imgs 200 0ms"}
{"level":"info","message":"GET /api/imgs 200 0ms"}
{"level":"info","message":"GET /api/imgs 200 1ms"}
{"level":"info","message":"GET /api/imgs 200 0ms"}
{"level":"info","message":"GET /api/imgs 200 0ms"}
{"level":"info","message":"GET /api/imgs 200 0ms"}
{"level":"info","message":"GET /api/imgs 200 0ms"}
{"level":"info","message":"GET /api/imgs 200 0ms"}
{"level":"info","message":"GET /api/imgs 200 0ms"}
{"level":"info","message":"GET /api/imgs 200 0ms"}
{"level":"info","message":"GET /api/imgs 200 0ms"}
{"level":"info","message":"GET /api/imgs 200 0ms"}
{"level":"info","message":"GET /api/imgs 200 0ms"}
{"level":"info","message":"GET /api/imgs 200 0ms"}
{"level":"info","message":"GET /api/imgs 200 0ms"}
{"level":"info","message":"GET /api/imgs 200 0ms"}
{"level":"info","message":"GET /api/imgs 200 0ms"}
{"level":"info","message":"GET /api/imgs 200 0ms"}
{"level":"info","message":"GET /api/imgs 200 0ms"}
{"level":"info","message":"GET /api/imgs 200 1ms"}
{"level":"info","message":"GET /api/imgs 200 1ms"}
{"level":"info","message":"GET /api/imgs 200 0ms"}
{"level":"info","message":"GET /api/imgs 200 0ms"}
{"level":"info","message":"GET /api/imgs 200 1ms"}
{"level":"info","message":"GET /api/imgs 200 0ms"}
{"level":"info","message":"GET /api/imgs 200 0ms"}
{"level":"info","message":"GET /api/imgs 200 0ms"}
{"level":"info","message":"GET /api/imgs 200 0ms"}
{"level":"info","message":"GET /api/imgs 200 0ms"}
{"level":"info","message":"GET /api/imgs 200 0ms"}
{"level":"info","message":"GET /api/imgs 200 0ms"}
{"level":"info","message":"GET /api/imgs 200 0ms"}
{"level":"info","message":"GET /api/imgs 200 0ms"}
{"level":"info","message":"GET /api/imgs 200 0ms"}
{"level":"info","message":"GET /api/imgs 200 1ms"}
{"level":"info","message":"GET /api/imgs 200 0ms"}
{"level":"info","message":"GET /api/imgs 200 0ms"}
{"level":"info","message":"GET /api/imgs 200 0ms"}
{"level":"info","message":"GET /api/imgs 200 0ms"}
{"level":"info","message":"GET /api/imgs 200 0ms"}
{"level":"info","message":"GET /api/imgs 200 0ms"}
{"level":"info","message":"GET /api/imgs 200 0ms"}
{"level":"info","message":"GET /api/imgs 200 0ms"}
{"level":"info","message":"GET /api/imgs 200 1ms"}
{"level":"info","message":"GET /api/imgs 200 0ms"}
{"level":"info","message":"GET /api/imgs 200 0ms"}
{"level":"info","message":"GET /api/imgs 200 0ms"}
{"level":"info","message":"GET /api/imgs 200 0ms"}
{"level":"info","message":"GET /api/imgs 200 0ms"}
{"level":"info","message":"GET /api/imgs 200 0ms"}
{"level":"info","message":"GET /api/imgs 200 0ms"}
{"level":"info","message":"GET /api/imgs 200 0ms"}
{"level":"info","message":"GET /api/imgs 200 0ms"}
{"level":"info","message":"GET /api/imgs 200 0ms"}
{"level":"info","message":"GET /api/imgs 200 0ms"}
{"level":"info","message":"GET /api/imgs 200 1ms"}
{"level":"info","message":"GET /api/imgs 200 0ms"}
{"level":"info","message":"GET /api/imgs 200 0ms"}
{"level":"info","message":"GET /api/imgs 200 1ms"}
{"level":"info","message":"GET /api/imgs 200 1ms"}
{"level":"info","message":"GET /api/imgs 200 0ms"}
{"level":"info","message":"GET /api/imgs 200 0ms"}
{"level":"info","message":"GET /api/imgs 200 0ms"}
{"level":"info","message":"GET /api/imgs 200 0ms"}
{"level":"info","message":"GET /api/imgs 200 0ms"}
{"level":"info","message":"GET /api/imgs 200 0ms"}
{"level":"info","message":"GET /api/imgs 200 0ms"}
{"level":"info","message":"GET /api/imgs 200 0ms"}
{"level":"info","message":"GET /api/imgs 200 0ms"}
{"level":"info","message":"GET /api/imgs 200 0ms"}
{"level":"info","message":"GET /api/imgs 200 0ms"}
{"level":"info","message":"GET /api/imgs 200 0ms"}
{"level":"info","message":"GET /api/imgs 200 0ms"}
{"level":"info","message":"GET /api/imgs 200 0ms"}
{"level":"info","message":"GET /api/imgs 200 0ms"}
{"level":"info","message":"GET /api/imgs 200 0ms"}
{"level":"info","message":"GET /api/imgs 200 0ms"}
{"level":"info","message":"GET /api/imgs 200 0ms"}
{"level":"info","message":"GET /api/imgs 200 0ms"}
{"level":"info","message":"GET /api/imgs 200 0ms"}
{"level":"info","message":"GET /api/imgs 200 0ms"}
{"level":"info","message":"GET /api/imgs 200 0ms"}
{"level":"info","message":"GET /api/imgs 200 0ms"}
{"level":"info","message":"GET /api/imgs 200 0ms"}
{"level":"info","message":"GET /api/imgs 200 0ms"}
{"level":"info","message":"GET /api/imgs 200 0ms"}
{"level":"info","message":"GET /api/imgs 200 0ms"}
{"level":"info","message":"GET /api/imgs 200 0ms"}
{"level":"info","message":"GET /api/imgs 200 1ms"}
{"level":"info","message":"GET /api/imgs 200 0ms"}
{"level":"info","message":"GET /api/imgs 200 0ms"}
{"level":"info","message":"GET /api/imgs 200 0ms"}
{"level":"info","message":"GET /api/imgs 200 0ms"}
{"level":"info","message":"GET /api/imgs 200 0ms"}
{"level":"info","message":"GET /api/imgs 200 0ms"}
{"level":"info","message":"GET /api/imgs 200 0ms"}
{"level":"info","message":"GET /api/imgs 200 1ms"}
{"level":"info","message":"GET /api/imgs 200 0ms"}
{"level":"info","message":"GET /api/imgs 200 0ms"}
{"level":"info","message":"GET /api/imgs 200 0ms"}
{"level":"info","message":"GET /api/imgs 200 0ms"}
{"level":"info","message":"GET /api/imgs 200 0ms"}
{"level":"info","message":"GET /api/imgs 200 0ms"}
{"level":"info","message":"GET /api/imgs 200 0ms"}
{"level":"info","message":"GET /api/imgs 200 0ms"}
{"level":"info","message":"GET /api/imgs 200 0ms"}
{"level":"info","message":"GET /api/imgs 200 0ms"}
{"level":"info","message":"GET /api/imgs 200 0ms"}
{"level":"info","message":"GET /api/imgs 200 0ms"}
{"level":"info","message":"GET /api/imgs 200 1ms"}
{"level":"info","message":"GET /api/imgs 200 0ms"}
{"level":"info","message":"GET /api/imgs 200 0ms"}
{"level":"info","message":"GET /api/imgs 200 0ms"}
{"level":"info","message":"GET /api/imgs 200 0ms"}
{"level":"info","message":"GET /api/imgs 200 0ms"}
{"level":"info","message":"GET /api/imgs 200 0ms"}
{"level":"info","message":"GET /api/imgs 200 0ms"}
{"level":"info","message":"GET /api/imgs 200 0ms"}
{"level":"info","message":"GET /api/imgs 200 0ms"}
{"level":"info","message":"GET /api/imgs 200 0ms"}
{"level":"info","message":"GET /api/imgs 200 0ms"}
{"level":"info","message":"GET /api/imgs 200 0ms"}
{"level":"info","message":"GET /api/imgs 200 0ms"}
{"level":"info","message":"GET /api/imgs 200 1ms"}
{"level":"info","message":"GET /api/imgs 200 0ms"}
{"level":"info","message":"GET /api/imgs 200 0ms"}
{"level":"info","message":"GET /api/imgs 200 0ms"}
{"level":"info","message":"GET /api/imgs 200 0ms"}
{"level":"info","message":"GET /api/imgs 200 0ms"}
{"level":"info","message":"GET /api/imgs 200 1ms"}
{"level":"info","message":"GET /api/imgs 200 0ms"}
{"level":"info","message":"GET /api/imgs 200 0ms"}
{"level":"info","message":"GET /api/imgs 200 0ms"}
{"level":"info","message":"GET /api/imgs 200 0ms"}
{"level":"info","message":"GET /api/imgs 200 1ms"}
{"level":"info","message":"GET /api/imgs 200 0ms"}
{"level":"info","message":"GET /api/imgs 200 0ms"}
{"level":"info","message":"GET /api/imgs 200 0ms"}
{"level":"info","message":"GET /api/imgs 200 0ms"}
{"level":"info","message":"GET /api/imgs 200 0ms"}
{"level":"info","message":"GET /api/imgs 200 0ms"}
{"level":"info","message":"GET /api/imgs 200 0ms"}
{"level":"info","message":"GET /api/imgs 200 0ms"}
{"level":"info","message":"GET /api/imgs 200 0ms"}
{"level":"info","message":"GET /api/imgs 200 1ms"}
{"level":"info","message":"GET /api/imgs 200 0ms"}
{"level":"info","message":"GET /api/imgs 200 0ms"}
{"level":"info","message":"GET /api/imgs 200 0ms"}
{"level":"info","message":"GET /api/imgs 200 0ms"}
{"level":"info","message":"GET /api/imgs 200 1ms"}
{"level":"info","message":"GET /api/imgs 200 0ms"}
{"level":"info","message":"GET /api/imgs 200 1ms"}
{"level":"info","message":"GET /api/imgs 200 0ms"}
{"level":"info","message":"GET /api/imgs 200 0ms"}
{"level":"info","message":"GET /api/imgs 200 0ms"}
{"level":"info","message":"GET /api/imgs 200 0ms"}
{"level":"info","message":"GET /api/imgs 200 0ms"}
{"level":"info","message":"GET /api/imgs 200 0ms"}
{"level":"info","message":"GET /api/imgs 200 0ms"}
{"level":"info","message":"GET /api/imgs 200 0ms"}
{"level":"info","message":"GET /api/imgs 200 0ms"}
{"level":"info","message":"GET /api/imgs 200 0ms"}
{"level":"info","message":"GET /api/imgs 200 0ms"}
{"level":"info","message":"GET /api/imgs 200 0ms"}
{"level":"info","message":"GET /api/imgs 200 0ms"}
{"level":"info","message":"GET /api/imgs 200 1ms"}
{"level":"info","message":"GET /api/imgs 200 1ms"}
{"level":"info","message":"GET /api/imgs 200 0ms"}
{"level":"info","message":"GET /api/imgs 200 0ms"}
{"level":"info","message":"GET /api/imgs 200 0ms"}
{"level":"info","message":"GET /api/imgs 200 0ms"}
{"level":"info","message":"GET /api/imgs 200 0ms"}
{"level":"info","message":"GET /api/imgs 200 0ms"}
